{"/Users/ddtotal/Desktop/SQL QUERY/react-unit-test/src/components/List.tsx": {"path":"/Users/ddtotal/Desktop/SQL QUERY/react-unit-test/src/components/List.tsx","all":false,"statementMap":{"0":{"start":{"line":1,"column":0},"end":{"line":1,"column":40}},"1":{"start":{"line":2,"column":0},"end":{"line":2,"column":0}},"2":{"start":{"line":3,"column":0},"end":{"line":3,"column":18}},"3":{"start":{"line":4,"column":0},"end":{"line":4,"column":24}},"4":{"start":{"line":5,"column":0},"end":{"line":5,"column":1}},"5":{"start":{"line":6,"column":0},"end":{"line":6,"column":59}},"6":{"start":{"line":7,"column":0},"end":{"line":7,"column":49}},"7":{"start":{"line":8,"column":0},"end":{"line":8,"column":45}},"8":{"start":{"line":9,"column":0},"end":{"line":9,"column":63}},"9":{"start":{"line":10,"column":0},"end":{"line":10,"column":26}},"10":{"start":{"line":11,"column":0},"end":{"line":11,"column":22}},"11":{"start":{"line":12,"column":0},"end":{"line":12,"column":44}},"12":{"start":{"line":13,"column":0},"end":{"line":13,"column":11}},"13":{"start":{"line":14,"column":0},"end":{"line":14,"column":19}},"14":{"start":{"line":15,"column":0},"end":{"line":15,"column":0}},"15":{"start":{"line":16,"column":0},"end":{"line":16,"column":3}},"16":{"start":{"line":17,"column":0},"end":{"line":17,"column":0}},"17":{"start":{"line":18,"column":0},"end":{"line":18,"column":42}},"18":{"start":{"line":19,"column":0},"end":{"line":19,"column":0}},"19":{"start":{"line":20,"column":0},"end":{"line":20,"column":22}},"20":{"start":{"line":21,"column":0},"end":{"line":21,"column":63}},"21":{"start":{"line":22,"column":0},"end":{"line":22,"column":11}},"22":{"start":{"line":23,"column":0},"end":{"line":23,"column":0}},"23":{"start":{"line":24,"column":0},"end":{"line":24,"column":0}},"24":{"start":{"line":25,"column":0},"end":{"line":25,"column":3}},"25":{"start":{"line":26,"column":0},"end":{"line":26,"column":0}},"26":{"start":{"line":27,"column":0},"end":{"line":27,"column":10}},"27":{"start":{"line":28,"column":0},"end":{"line":28,"column":9}},"28":{"start":{"line":29,"column":0},"end":{"line":29,"column":33}},"29":{"start":{"line":30,"column":0},"end":{"line":30,"column":120}},"30":{"start":{"line":31,"column":0},"end":{"line":31,"column":49}},"31":{"start":{"line":32,"column":0},"end":{"line":32,"column":13}},"32":{"start":{"line":33,"column":0},"end":{"line":33,"column":10}},"33":{"start":{"line":34,"column":0},"end":{"line":34,"column":9}},"34":{"start":{"line":35,"column":0},"end":{"line":35,"column":37}},"35":{"start":{"line":36,"column":0},"end":{"line":36,"column":20}},"36":{"start":{"line":37,"column":0},"end":{"line":37,"column":30}},"37":{"start":{"line":38,"column":0},"end":{"line":38,"column":22}},"38":{"start":{"line":39,"column":0},"end":{"line":39,"column":78}},"39":{"start":{"line":40,"column":0},"end":{"line":40,"column":19}},"40":{"start":{"line":41,"column":0},"end":{"line":41,"column":0}},"41":{"start":{"line":42,"column":0},"end":{"line":42,"column":13}},"42":{"start":{"line":43,"column":0},"end":{"line":43,"column":12}},"43":{"start":{"line":44,"column":0},"end":{"line":44,"column":9}},"44":{"start":{"line":45,"column":0},"end":{"line":45,"column":11}},"45":{"start":{"line":46,"column":0},"end":{"line":46,"column":11}},"46":{"start":{"line":47,"column":0},"end":{"line":47,"column":3}},"47":{"start":{"line":48,"column":0},"end":{"line":48,"column":1}}},"s":{"0":1,"1":1,"2":1,"3":1,"4":1,"5":1,"6":10,"7":10,"8":10,"9":1,"10":1,"11":1,"12":1,"13":1,"14":1,"15":1,"16":10,"17":10,"18":1,"19":1,"20":1,"21":1,"22":1,"23":1,"24":1,"25":10,"26":10,"27":10,"28":10,"29":10,"30":10,"31":10,"32":10,"33":10,"34":10,"35":4,"36":4,"37":4,"38":4,"39":4,"40":4,"41":4,"42":4,"43":10,"44":10,"45":10,"46":10,"47":10},"branchMap":{"0":{"type":"branch","line":6,"loc":{"start":{"line":6,"column":15},"end":{"line":48,"column":1}},"locations":[{"start":{"line":6,"column":15},"end":{"line":48,"column":1}}]},"1":{"type":"branch","line":9,"loc":{"start":{"line":9,"column":2},"end":{"line":16,"column":3}},"locations":[{"start":{"line":9,"column":2},"end":{"line":16,"column":3}}]},"2":{"type":"branch","line":11,"loc":{"start":{"line":11,"column":15},"end":{"line":13,"column":7}},"locations":[{"start":{"line":11,"column":15},"end":{"line":13,"column":7}}]},"3":{"type":"branch","line":12,"loc":{"start":{"line":12,"column":14},"end":{"line":12,"column":43}},"locations":[{"start":{"line":12,"column":14},"end":{"line":12,"column":43}}]},"4":{"type":"branch","line":18,"loc":{"start":{"line":18,"column":2},"end":{"line":25,"column":3}},"locations":[{"start":{"line":18,"column":2},"end":{"line":25,"column":3}}]},"5":{"type":"branch","line":20,"loc":{"start":{"line":20,"column":15},"end":{"line":22,"column":7}},"locations":[{"start":{"line":20,"column":15},"end":{"line":22,"column":7}}]},"6":{"type":"branch","line":21,"loc":{"start":{"line":21,"column":14},"end":{"line":21,"column":61}},"locations":[{"start":{"line":21,"column":14},"end":{"line":21,"column":61}}]},"7":{"type":"branch","line":21,"loc":{"start":{"line":21,"column":36},"end":{"line":21,"column":60}},"locations":[{"start":{"line":21,"column":36},"end":{"line":21,"column":60}}]},"8":{"type":"branch","line":30,"loc":{"start":{"line":30,"column":77},"end":{"line":30,"column":116}},"locations":[{"start":{"line":30,"column":77},"end":{"line":30,"column":116}}]},"9":{"type":"branch","line":35,"loc":{"start":{"line":35,"column":19},"end":{"line":43,"column":12}},"locations":[{"start":{"line":35,"column":19},"end":{"line":43,"column":12}}]},"10":{"type":"branch","line":39,"loc":{"start":{"line":39,"column":33},"end":{"line":39,"column":60}},"locations":[{"start":{"line":39,"column":33},"end":{"line":39,"column":60}}]}},"b":{"0":[10],"1":[1],"2":[1],"3":[1],"4":[1],"5":[1],"6":[1],"7":[1],"8":[4],"9":[4],"10":[1]},"fnMap":{"0":{"name":"List","decl":{"start":{"line":6,"column":15},"end":{"line":48,"column":1}},"loc":{"start":{"line":6,"column":15},"end":{"line":48,"column":1}},"line":6},"1":{"name":"addToList","decl":{"start":{"line":9,"column":2},"end":{"line":16,"column":3}},"loc":{"start":{"line":9,"column":2},"end":{"line":16,"column":3}},"line":9},"2":{"name":"removeFromList","decl":{"start":{"line":18,"column":2},"end":{"line":25,"column":3}},"loc":{"start":{"line":18,"column":2},"end":{"line":25,"column":3}},"line":18},"3":{"name":"onChange","decl":{"start":{"line":30,"column":77},"end":{"line":30,"column":116}},"loc":{"start":{"line":30,"column":77},"end":{"line":30,"column":116}},"line":30},"4":{"name":"onClick","decl":{"start":{"line":39,"column":33},"end":{"line":39,"column":60}},"loc":{"start":{"line":39,"column":33},"end":{"line":39,"column":60}},"line":39}},"f":{"0":10,"1":1,"2":1,"3":4,"4":1}}
}
