TN:
SF:src/components/List.tsx
FN:6,List
FN:9,addToList
FN:18,removeFromList
FN:30,onChange
FN:39,onClick
FNF:5
FNH:5
FNDA:10,List
FNDA:1,addToList
FNDA:1,removeFromList
FNDA:4,onChange
FNDA:1,onClick
DA:1,1
DA:2,1
DA:3,1
DA:4,1
DA:5,1
DA:6,1
DA:7,10
DA:8,10
DA:9,10
DA:10,1
DA:11,1
DA:12,1
DA:13,1
DA:14,1
DA:15,1
DA:16,1
DA:17,10
DA:18,10
DA:19,1
DA:20,1
DA:21,1
DA:22,1
DA:23,1
DA:24,1
DA:25,1
DA:26,10
DA:27,10
DA:28,10
DA:29,10
DA:30,10
DA:31,10
DA:32,10
DA:33,10
DA:34,10
DA:35,10
DA:36,4
DA:37,4
DA:38,4
DA:39,4
DA:40,4
DA:41,4
DA:42,4
DA:43,4
DA:44,10
DA:45,10
DA:46,10
DA:47,10
DA:48,10
LF:48
LH:48
BRDA:6,0,0,10
BRDA:9,1,0,1
BRDA:11,2,0,1
BRDA:12,3,0,1
BRDA:18,4,0,1
BRDA:20,5,0,1
BRDA:21,6,0,1
BRDA:21,7,0,1
BRDA:30,8,0,4
BRDA:35,9,0,4
BRDA:39,10,0,1
BRF:11
BRH:11
end_of_record
